{"/Users/suhaibkhan/Downloads/Shop_Kart/src/config/dbConfig.js": {"path":"/Users/suhaibkhan/Downloads/Shop_Kart/src/config/dbConfig.js","statementMap":{"0":{"start":{"line":1,"column":18},"end":{"line":1,"column":38}},"1":{"start":{"line":3,"column":46},"end":{"line":3,"column":71}},"2":{"start":{"line":5,"column":18},"end":{"line":8,"column":2}},"3":{"start":{"line":10,"column":0},"end":{"line":10,"column":27}}},"fnMap":{},"branchMap":{},"s":{"0":1,"1":1,"2":1,"3":1},"f":{},"b":{},"_coverageSchema":"1a1c01bbd47fc00a2c39e90264f33305004495a9","hash":"4e03d27ad94b867147312e15e9ee09a7431bb288"}
,"/Users/suhaibkhan/Downloads/Shop_Kart/src/config/serverConfig.js": {"path":"/Users/suhaibkhan/Downloads/Shop_Kart/src/config/serverConfig.js","statementMap":{"0":{"start":{"line":1,"column":15},"end":{"line":1,"column":32}},"1":{"start":{"line":2,"column":0},"end":{"line":2,"column":16}},"2":{"start":{"line":3,"column":0},"end":{"line":15,"column":2}}},"fnMap":{},"branchMap":{},"s":{"0":1,"1":1,"2":1},"f":{},"b":{},"_coverageSchema":"1a1c01bbd47fc00a2c39e90264f33305004495a9","hash":"93de95e635798f3befadb632d34900c34705d617"}
,"/Users/suhaibkhan/Downloads/Shop_Kart/src/exceptions/bad_request_error.js": {"path":"/Users/suhaibkhan/Downloads/Shop_Kart/src/exceptions/bad_request_error.js","statementMap":{"0":{"start":{"line":1,"column":39},"end":{"line":1,"column":67}},"1":{"start":{"line":6,"column":29},"end":{"line":6,"column":137}},"2":{"start":{"line":7,"column":8},"end":{"line":7,"column":28}},"3":{"start":{"line":8,"column":8},"end":{"line":8,"column":50}},"4":{"start":{"line":9,"column":8},"end":{"line":9,"column":68}},"5":{"start":{"line":10,"column":8},"end":{"line":10,"column":41}},"6":{"start":{"line":11,"column":8},"end":{"line":11,"column":33}},"7":{"start":{"line":15,"column":0},"end":{"line":15,"column":28}}},"fnMap":{"0":{"name":"(anonymous_0)","decl":{"start":{"line":4,"column":4},"end":{"line":4,"column":5}},"loc":{"start":{"line":4,"column":65},"end":{"line":12,"column":5}},"line":4}},"branchMap":{"0":{"loc":{"start":{"line":4,"column":26},"end":{"line":4,"column":48}},"type":"default-arg","locations":[{"start":{"line":4,"column":44},"end":{"line":4,"column":48}}],"line":4},"1":{"loc":{"start":{"line":4,"column":50},"end":{"line":4,"column":63}},"type":"default-arg","locations":[{"start":{"line":4,"column":59},"end":{"line":4,"column":63}}],"line":4},"2":{"loc":{"start":{"line":6,"column":29},"end":{"line":6,"column":137}},"type":"cond-expr","locations":[{"start":{"line":6,"column":49},"end":{"line":6,"column":88}},{"start":{"line":6,"column":91},"end":{"line":6,"column":137}}],"line":6},"3":{"loc":{"start":{"line":9,"column":22},"end":{"line":9,"column":67}},"type":"cond-expr","locations":[{"start":{"line":9,"column":33},"end":{"line":9,"column":39}},{"start":{"line":9,"column":42},"end":{"line":9,"column":67}}],"line":9}},"s":{"0":1,"1":0,"2":0,"3":0,"4":0,"5":0,"6":0,"7":1},"f":{"0":0},"b":{"0":[0],"1":[0],"2":[0,0],"3":[0,0]},"_coverageSchema":"1a1c01bbd47fc00a2c39e90264f33305004495a9","hash":"6c16aae23e5ba72a073455c01c0f90a11ce92b02"}
,"/Users/suhaibkhan/Downloads/Shop_Kart/src/exceptions/internal_server_error.js": {"path":"/Users/suhaibkhan/Downloads/Shop_Kart/src/exceptions/internal_server_error.js","statementMap":{"0":{"start":{"line":1,"column":39},"end":{"line":1,"column":67}},"1":{"start":{"line":5,"column":29},"end":{"line":5,"column":76}},"2":{"start":{"line":6,"column":8},"end":{"line":6,"column":28}},"3":{"start":{"line":7,"column":8},"end":{"line":7,"column":60}},"4":{"start":{"line":8,"column":8},"end":{"line":8,"column":58}},"5":{"start":{"line":9,"column":8},"end":{"line":9,"column":41}},"6":{"start":{"line":10,"column":8},"end":{"line":10,"column":42}},"7":{"start":{"line":14,"column":0},"end":{"line":14,"column":37}}},"fnMap":{"0":{"name":"(anonymous_0)","decl":{"start":{"line":4,"column":4},"end":{"line":4,"column":5}},"loc":{"start":{"line":4,"column":18},"end":{"line":11,"column":5}},"line":4}},"branchMap":{},"s":{"0":1,"1":0,"2":0,"3":0,"4":0,"5":0,"6":0,"7":1},"f":{"0":0},"b":{},"_coverageSchema":"1a1c01bbd47fc00a2c39e90264f33305004495a9","hash":"a6fc89185c3376cc0ffaced484d9c555106ec67d"}
,"/Users/suhaibkhan/Downloads/Shop_Kart/src/exceptions/not_found_error.js": {"path":"/Users/suhaibkhan/Downloads/Shop_Kart/src/exceptions/not_found_error.js","statementMap":{"0":{"start":{"line":1,"column":39},"end":{"line":1,"column":67}},"1":{"start":{"line":5,"column":29},"end":{"line":5,"column":107}},"2":{"start":{"line":6,"column":8},"end":{"line":6,"column":28}},"3":{"start":{"line":7,"column":8},"end":{"line":7,"column":48}},"4":{"start":{"line":8,"column":8},"end":{"line":8,"column":46}},"5":{"start":{"line":9,"column":8},"end":{"line":9,"column":41}},"6":{"start":{"line":10,"column":8},"end":{"line":10,"column":36}},"7":{"start":{"line":14,"column":0},"end":{"line":14,"column":31}}},"fnMap":{"0":{"name":"(anonymous_0)","decl":{"start":{"line":4,"column":4},"end":{"line":4,"column":5}},"loc":{"start":{"line":4,"column":55},"end":{"line":11,"column":5}},"line":4}},"branchMap":{},"s":{"0":1,"1":0,"2":0,"3":0,"4":0,"5":0,"6":0,"7":1},"f":{"0":0},"b":{},"_coverageSchema":"1a1c01bbd47fc00a2c39e90264f33305004495a9","hash":"b3f48841b6d6a2dcfc0b6090308843e4b252d9ee"}
,"/Users/suhaibkhan/Downloads/Shop_Kart/src/exceptions/unauthorized_error.js": {"path":"/Users/suhaibkhan/Downloads/Shop_Kart/src/exceptions/unauthorized_error.js","statementMap":{"0":{"start":{"line":1,"column":39},"end":{"line":1,"column":67}},"1":{"start":{"line":5,"column":29},"end":{"line":5,"column":129}},"2":{"start":{"line":6,"column":8},"end":{"line":6,"column":28}},"3":{"start":{"line":7,"column":8},"end":{"line":7,"column":51}},"4":{"start":{"line":8,"column":8},"end":{"line":8,"column":49}},"5":{"start":{"line":9,"column":8},"end":{"line":9,"column":41}},"6":{"start":{"line":10,"column":8},"end":{"line":10,"column":40}},"7":{"start":{"line":14,"column":0},"end":{"line":14,"column":35}}},"fnMap":{"0":{"name":"(anonymous_0)","decl":{"start":{"line":4,"column":4},"end":{"line":4,"column":5}},"loc":{"start":{"line":4,"column":25},"end":{"line":11,"column":5}},"line":4}},"branchMap":{"0":{"loc":{"start":{"line":5,"column":29},"end":{"line":5,"column":129}},"type":"cond-expr","locations":[{"start":{"line":5,"column":41},"end":{"line":5,"column":48}},{"start":{"line":5,"column":51},"end":{"line":5,"column":129}}],"line":5}},"s":{"0":1,"1":0,"2":0,"3":0,"4":0,"5":0,"6":0,"7":1},"f":{"0":0},"b":{"0":[0,0]},"_coverageSchema":"1a1c01bbd47fc00a2c39e90264f33305004495a9","hash":"73713502088568a2036e7208d41476c3a7d1ef56"}
,"/Users/suhaibkhan/Downloads/Shop_Kart/src/models/cart.js": {"path":"/Users/suhaibkhan/Downloads/Shop_Kart/src/models/cart.js","statementMap":{"0":{"start":{"line":1,"column":18},"end":{"line":1,"column":38}},"1":{"start":{"line":2,"column":11},"end":{"line":2,"column":40}},"2":{"start":{"line":7,"column":13},"end":{"line":7,"column":34}},"3":{"start":{"line":9,"column":0},"end":{"line":9,"column":22}}},"fnMap":{},"branchMap":{},"s":{"0":1,"1":1,"2":1,"3":1},"f":{},"b":{},"_coverageSchema":"1a1c01bbd47fc00a2c39e90264f33305004495a9","hash":"38473b6b88fc46f1f95c4d844e5bb2e58e17314b"}
,"/Users/suhaibkhan/Downloads/Shop_Kart/src/models/cart_products.js": {"path":"/Users/suhaibkhan/Downloads/Shop_Kart/src/models/cart_products.js","statementMap":{"0":{"start":{"line":1,"column":18},"end":{"line":1,"column":38}},"1":{"start":{"line":2,"column":11},"end":{"line":2,"column":40}},"2":{"start":{"line":7,"column":21},"end":{"line":29,"column":2}},"3":{"start":{"line":31,"column":0},"end":{"line":31,"column":30}}},"fnMap":{},"branchMap":{},"s":{"0":1,"1":1,"2":1,"3":1},"f":{},"b":{},"_coverageSchema":"1a1c01bbd47fc00a2c39e90264f33305004495a9","hash":"9c15d1729777af0249f898756079ddf43df7b1fa"}
,"/Users/suhaibkhan/Downloads/Shop_Kart/src/models/category.js": {"path":"/Users/suhaibkhan/Downloads/Shop_Kart/src/models/category.js","statementMap":{"0":{"start":{"line":1,"column":11},"end":{"line":1,"column":40}},"1":{"start":{"line":2,"column":22},"end":{"line":2,"column":42}},"2":{"start":{"line":4,"column":17},"end":{"line":15,"column":2}},"3":{"start":{"line":17,"column":0},"end":{"line":17,"column":26}}},"fnMap":{},"branchMap":{},"s":{"0":1,"1":1,"2":1,"3":1},"f":{},"b":{},"_coverageSchema":"1a1c01bbd47fc00a2c39e90264f33305004495a9","hash":"cba2c0d2dddb6c84861eb6ce7521110ce54d0a54"}
,"/Users/suhaibkhan/Downloads/Shop_Kart/src/models/index.js": {"path":"/Users/suhaibkhan/Downloads/Shop_Kart/src/models/index.js","statementMap":{"0":{"start":{"line":1,"column":17},"end":{"line":1,"column":38}},"1":{"start":{"line":2,"column":16},"end":{"line":2,"column":37}},"2":{"start":{"line":3,"column":13},"end":{"line":3,"column":30}},"3":{"start":{"line":4,"column":13},"end":{"line":4,"column":30}},"4":{"start":{"line":5,"column":21},"end":{"line":5,"column":47}},"5":{"start":{"line":6,"column":22},"end":{"line":6,"column":49}},"6":{"start":{"line":7,"column":14},"end":{"line":7,"column":32}},"7":{"start":{"line":9,"column":0},"end":{"line":9,"column":58}},"8":{"start":{"line":11,"column":0},"end":{"line":11,"column":56}},"9":{"start":{"line":16,"column":0},"end":{"line":16,"column":18}},"10":{"start":{"line":18,"column":0},"end":{"line":18,"column":47}},"11":{"start":{"line":23,"column":0},"end":{"line":23,"column":55}},"12":{"start":{"line":24,"column":0},"end":{"line":24,"column":55}},"13":{"start":{"line":28,"column":0},"end":{"line":28,"column":48}},"14":{"start":{"line":29,"column":0},"end":{"line":29,"column":46}},"15":{"start":{"line":33,"column":0},"end":{"line":33,"column":57}},"16":{"start":{"line":34,"column":0},"end":{"line":34,"column":57}},"17":{"start":{"line":37,"column":2},"end":{"line":37,"column":24}},"18":{"start":{"line":38,"column":2},"end":{"line":38,"column":23}},"19":{"start":{"line":39,"column":2},"end":{"line":39,"column":20}},"20":{"start":{"line":40,"column":2},"end":{"line":40,"column":20}},"21":{"start":{"line":41,"column":2},"end":{"line":41,"column":21}},"22":{"start":{"line":42,"column":2},"end":{"line":42,"column":28}},"23":{"start":{"line":43,"column":2},"end":{"line":43,"column":29}},"24":{"start":{"line":45,"column":0},"end":{"line":54,"column":2}}},"fnMap":{"0":{"name":"syncDbInOrder","decl":{"start":{"line":36,"column":15},"end":{"line":36,"column":28}},"loc":{"start":{"line":36,"column":31},"end":{"line":44,"column":1}},"line":36}},"branchMap":{},"s":{"0":1,"1":1,"2":1,"3":1,"4":1,"5":1,"6":1,"7":1,"8":1,"9":1,"10":1,"11":1,"12":1,"13":1,"14":1,"15":1,"16":1,"17":0,"18":0,"19":0,"20":0,"21":0,"22":0,"23":0,"24":1},"f":{"0":0},"b":{},"_coverageSchema":"1a1c01bbd47fc00a2c39e90264f33305004495a9","hash":"225b8f85e93e34db55dc494d347ed086fb20004e"}
,"/Users/suhaibkhan/Downloads/Shop_Kart/src/models/order.js": {"path":"/Users/suhaibkhan/Downloads/Shop_Kart/src/models/order.js","statementMap":{"0":{"start":{"line":1,"column":18},"end":{"line":1,"column":38}},"1":{"start":{"line":2,"column":11},"end":{"line":2,"column":40}},"2":{"start":{"line":3,"column":14},"end":{"line":18,"column":2}},"3":{"start":{"line":20,"column":0},"end":{"line":20,"column":23}}},"fnMap":{},"branchMap":{},"s":{"0":1,"1":1,"2":1,"3":1},"f":{},"b":{},"_coverageSchema":"1a1c01bbd47fc00a2c39e90264f33305004495a9","hash":"94661535bc6b83cd89c42d7dd44520f03d3ceac4"}
,"/Users/suhaibkhan/Downloads/Shop_Kart/src/models/order_products.js": {"path":"/Users/suhaibkhan/Downloads/Shop_Kart/src/models/order_products.js","statementMap":{"0":{"start":{"line":1,"column":18},"end":{"line":1,"column":38}},"1":{"start":{"line":2,"column":11},"end":{"line":2,"column":40}},"2":{"start":{"line":3,"column":22},"end":{"line":25,"column":2}},"3":{"start":{"line":27,"column":0},"end":{"line":27,"column":29}}},"fnMap":{},"branchMap":{},"s":{"0":1,"1":1,"2":1,"3":1},"f":{},"b":{},"_coverageSchema":"1a1c01bbd47fc00a2c39e90264f33305004495a9","hash":"778cf1142c6626260980331afd483a215687b9cb"}
,"/Users/suhaibkhan/Downloads/Shop_Kart/src/models/products.js": {"path":"/Users/suhaibkhan/Downloads/Shop_Kart/src/models/products.js","statementMap":{"0":{"start":{"line":1,"column":18},"end":{"line":1,"column":38}},"1":{"start":{"line":2,"column":11},"end":{"line":2,"column":40}},"2":{"start":{"line":4,"column":16},"end":{"line":30,"column":2}},"3":{"start":{"line":32,"column":0},"end":{"line":32,"column":25}}},"fnMap":{},"branchMap":{},"s":{"0":1,"1":1,"2":1,"3":1},"f":{},"b":{},"_coverageSchema":"1a1c01bbd47fc00a2c39e90264f33305004495a9","hash":"0346264d49e6026fd3bed12570735b0479e2d46d"}
,"/Users/suhaibkhan/Downloads/Shop_Kart/src/models/user.js": {"path":"/Users/suhaibkhan/Downloads/Shop_Kart/src/models/user.js","statementMap":{"0":{"start":{"line":1,"column":18},"end":{"line":1,"column":38}},"1":{"start":{"line":2,"column":11},"end":{"line":2,"column":40}},"2":{"start":{"line":3,"column":15},"end":{"line":3,"column":32}},"3":{"start":{"line":4,"column":24},"end":{"line":4,"column":57}},"4":{"start":{"line":5,"column":13},"end":{"line":30,"column":1}},"5":{"start":{"line":25,"column":21},"end":{"line":25,"column":58}},"6":{"start":{"line":26,"column":8},"end":{"line":26,"column":67}},"7":{"start":{"line":31,"column":0},"end":{"line":31,"column":22}}},"fnMap":{"0":{"name":"(anonymous_0)","decl":{"start":{"line":23,"column":20},"end":{"line":23,"column":21}},"loc":{"start":{"line":23,"column":36},"end":{"line":27,"column":7}},"line":23}},"branchMap":{},"s":{"0":1,"1":1,"2":1,"3":1,"4":1,"5":0,"6":0,"7":1},"f":{"0":0},"b":{},"_coverageSchema":"1a1c01bbd47fc00a2c39e90264f33305004495a9","hash":"f7dfdb5f05de478bf1d24f898be97c9898d3a811"}
,"/Users/suhaibkhan/Downloads/Shop_Kart/src/repository/cart_repository.js": {"path":"/Users/suhaibkhan/Downloads/Shop_Kart/src/repository/cart_repository.js","statementMap":{"0":{"start":{"line":1,"column":22},"end":{"line":1,"column":62}},"1":{"start":{"line":2,"column":31},"end":{"line":2,"column":57}},"2":{"start":{"line":3,"column":15},"end":{"line":3,"column":35}},"3":{"start":{"line":8,"column":4},"end":{"line":14,"column":5}},"4":{"start":{"line":9,"column":23},"end":{"line":9,"column":43}},"5":{"start":{"line":10,"column":6},"end":{"line":10,"column":22}},"6":{"start":{"line":12,"column":6},"end":{"line":12,"column":25}},"7":{"start":{"line":13,"column":6},"end":{"line":13,"column":18}},"8":{"start":{"line":18,"column":4},"end":{"line":28,"column":5}},"9":{"start":{"line":19,"column":23},"end":{"line":23,"column":8}},"10":{"start":{"line":24,"column":6},"end":{"line":24,"column":22}},"11":{"start":{"line":26,"column":6},"end":{"line":26,"column":25}},"12":{"start":{"line":27,"column":6},"end":{"line":27,"column":18}},"13":{"start":{"line":32,"column":4},"end":{"line":38,"column":5}},"14":{"start":{"line":33,"column":23},"end":{"line":33,"column":46}},"15":{"start":{"line":34,"column":6},"end":{"line":34,"column":22}},"16":{"start":{"line":36,"column":6},"end":{"line":36,"column":25}},"17":{"start":{"line":37,"column":6},"end":{"line":37,"column":18}},"18":{"start":{"line":42,"column":4},"end":{"line":52,"column":5}},"19":{"start":{"line":43,"column":23},"end":{"line":47,"column":8}},"20":{"start":{"line":48,"column":6},"end":{"line":48,"column":22}},"21":{"start":{"line":50,"column":6},"end":{"line":50,"column":25}},"22":{"start":{"line":51,"column":6},"end":{"line":51,"column":18}},"23":{"start":{"line":56,"column":4},"end":{"line":66,"column":5}},"24":{"start":{"line":57,"column":23},"end":{"line":61,"column":8}},"25":{"start":{"line":62,"column":6},"end":{"line":62,"column":22}},"26":{"start":{"line":64,"column":6},"end":{"line":64,"column":25}},"27":{"start":{"line":65,"column":6},"end":{"line":65,"column":18}},"28":{"start":{"line":70,"column":4},"end":{"line":80,"column":5}},"29":{"start":{"line":71,"column":6},"end":{"line":71,"column":52}},"30":{"start":{"line":72,"column":23},"end":{"line":74,"column":8}},"31":{"start":{"line":75,"column":6},"end":{"line":75,"column":44}},"32":{"start":{"line":76,"column":6},"end":{"line":76,"column":22}},"33":{"start":{"line":78,"column":6},"end":{"line":78,"column":25}},"34":{"start":{"line":79,"column":6},"end":{"line":79,"column":18}},"35":{"start":{"line":84,"column":4},"end":{"line":94,"column":5}},"36":{"start":{"line":85,"column":23},"end":{"line":89,"column":8}},"37":{"start":{"line":90,"column":6},"end":{"line":90,"column":22}},"38":{"start":{"line":92,"column":6},"end":{"line":92,"column":25}},"39":{"start":{"line":93,"column":6},"end":{"line":93,"column":18}},"40":{"start":{"line":98,"column":4},"end":{"line":153,"column":5}},"41":{"start":{"line":100,"column":21},"end":{"line":104,"column":8}},"42":{"start":{"line":106,"column":6},"end":{"line":137,"column":7}},"43":{"start":{"line":108,"column":8},"end":{"line":119,"column":9}},"44":{"start":{"line":110,"column":10},"end":{"line":114,"column":13}},"45":{"start":{"line":118,"column":10},"end":{"line":118,"column":50}},"46":{"start":{"line":123,"column":8},"end":{"line":125,"column":9}},"47":{"start":{"line":124,"column":10},"end":{"line":124,"column":72}},"48":{"start":{"line":127,"column":8},"end":{"line":136,"column":9}},"49":{"start":{"line":128,"column":10},"end":{"line":132,"column":13}},"50":{"start":{"line":135,"column":10},"end":{"line":135,"column":51}},"51":{"start":{"line":140,"column":23},"end":{"line":144,"column":8}},"52":{"start":{"line":145,"column":6},"end":{"line":145,"column":42}},"53":{"start":{"line":146,"column":6},"end":{"line":149,"column":8}},"54":{"start":{"line":151,"column":6},"end":{"line":151,"column":25}},"55":{"start":{"line":152,"column":6},"end":{"line":152,"column":18}},"56":{"start":{"line":157,"column":0},"end":{"line":157,"column":32}}},"fnMap":{"0":{"name":"(anonymous_0)","decl":{"start":{"line":7,"column":2},"end":{"line":7,"column":3}},"loc":{"start":{"line":7,"column":19},"end":{"line":15,"column":3}},"line":7},"1":{"name":"(anonymous_1)","decl":{"start":{"line":17,"column":2},"end":{"line":17,"column":3}},"loc":{"start":{"line":17,"column":30},"end":{"line":29,"column":3}},"line":17},"2":{"name":"(anonymous_2)","decl":{"start":{"line":31,"column":2},"end":{"line":31,"column":3}},"loc":{"start":{"line":31,"column":20},"end":{"line":39,"column":3}},"line":31},"3":{"name":"(anonymous_3)","decl":{"start":{"line":41,"column":2},"end":{"line":41,"column":3}},"loc":{"start":{"line":41,"column":28},"end":{"line":53,"column":3}},"line":41},"4":{"name":"(anonymous_4)","decl":{"start":{"line":55,"column":2},"end":{"line":55,"column":3}},"loc":{"start":{"line":55,"column":22},"end":{"line":67,"column":3}},"line":55},"5":{"name":"(anonymous_5)","decl":{"start":{"line":69,"column":2},"end":{"line":69,"column":3}},"loc":{"start":{"line":69,"column":27},"end":{"line":81,"column":3}},"line":69},"6":{"name":"(anonymous_6)","decl":{"start":{"line":83,"column":2},"end":{"line":83,"column":3}},"loc":{"start":{"line":83,"column":28},"end":{"line":95,"column":3}},"line":83},"7":{"name":"(anonymous_7)","decl":{"start":{"line":97,"column":2},"end":{"line":97,"column":3}},"loc":{"start":{"line":97,"column":63},"end":{"line":154,"column":3}},"line":97}},"branchMap":{"0":{"loc":{"start":{"line":97,"column":38},"end":{"line":97,"column":61}},"type":"default-arg","locations":[{"start":{"line":97,"column":57},"end":{"line":97,"column":61}}],"line":97},"1":{"loc":{"start":{"line":106,"column":6},"end":{"line":137,"column":7}},"type":"if","locations":[{"start":{"line":106,"column":6},"end":{"line":137,"column":7}},{"start":{"line":121,"column":13},"end":{"line":137,"column":7}}],"line":106},"2":{"loc":{"start":{"line":108,"column":8},"end":{"line":119,"column":9}},"type":"if","locations":[{"start":{"line":108,"column":8},"end":{"line":119,"column":9}},{"start":{"line":115,"column":15},"end":{"line":119,"column":9}}],"line":108},"3":{"loc":{"start":{"line":123,"column":8},"end":{"line":125,"column":9}},"type":"if","locations":[{"start":{"line":123,"column":8},"end":{"line":125,"column":9}},{"start":{},"end":{}}],"line":123},"4":{"loc":{"start":{"line":127,"column":8},"end":{"line":136,"column":9}},"type":"if","locations":[{"start":{"line":127,"column":8},"end":{"line":136,"column":9}},{"start":{"line":133,"column":15},"end":{"line":136,"column":9}}],"line":127}},"s":{"0":1,"1":1,"2":1,"3":0,"4":0,"5":0,"6":0,"7":0,"8":0,"9":0,"10":0,"11":0,"12":0,"13":0,"14":0,"15":0,"16":0,"17":0,"18":0,"19":0,"20":0,"21":0,"22":0,"23":0,"24":0,"25":0,"26":0,"27":0,"28":0,"29":0,"30":0,"31":0,"32":0,"33":0,"34":0,"35":0,"36":0,"37":0,"38":0,"39":0,"40":0,"41":0,"42":0,"43":0,"44":0,"45":0,"46":0,"47":0,"48":0,"49":0,"50":0,"51":0,"52":0,"53":0,"54":0,"55":0,"56":1},"f":{"0":0,"1":0,"2":0,"3":0,"4":0,"5":0,"6":0,"7":0},"b":{"0":[0],"1":[0,0],"2":[0,0],"3":[0,0],"4":[0,0]},"_coverageSchema":"1a1c01bbd47fc00a2c39e90264f33305004495a9","hash":"c75a16c043f37790473aa157ad99a34b4cf8c7e3"}
,"/Users/suhaibkhan/Downloads/Shop_Kart/src/repository/category_repository.js": {"path":"/Users/suhaibkhan/Downloads/Shop_Kart/src/repository/category_repository.js","statementMap":{"0":{"start":{"line":1,"column":22},"end":{"line":1,"column":62}},"1":{"start":{"line":2,"column":21},"end":{"line":2,"column":41}},"2":{"start":{"line":5,"column":4},"end":{"line":10,"column":5}},"3":{"start":{"line":6,"column":6},"end":{"line":6,"column":45}},"4":{"start":{"line":8,"column":6},"end":{"line":8,"column":21}},"5":{"start":{"line":9,"column":6},"end":{"line":9,"column":14}},"6":{"start":{"line":13,"column":4},"end":{"line":18,"column":5}},"7":{"start":{"line":14,"column":6},"end":{"line":14,"column":38}},"8":{"start":{"line":16,"column":6},"end":{"line":16,"column":21}},"9":{"start":{"line":17,"column":6},"end":{"line":17,"column":14}},"10":{"start":{"line":21,"column":4},"end":{"line":26,"column":5}},"11":{"start":{"line":22,"column":6},"end":{"line":22,"column":41}},"12":{"start":{"line":24,"column":6},"end":{"line":24,"column":21}},"13":{"start":{"line":25,"column":6},"end":{"line":25,"column":14}},"14":{"start":{"line":29,"column":4},"end":{"line":34,"column":5}},"15":{"start":{"line":30,"column":6},"end":{"line":30,"column":55}},"16":{"start":{"line":32,"column":6},"end":{"line":32,"column":21}},"17":{"start":{"line":33,"column":6},"end":{"line":33,"column":14}},"18":{"start":{"line":39,"column":0},"end":{"line":39,"column":36}}},"fnMap":{"0":{"name":"(anonymous_0)","decl":{"start":{"line":4,"column":2},"end":{"line":4,"column":3}},"loc":{"start":{"line":4,"column":33},"end":{"line":11,"column":3}},"line":4},"1":{"name":"(anonymous_1)","decl":{"start":{"line":12,"column":2},"end":{"line":12,"column":3}},"loc":{"start":{"line":12,"column":24},"end":{"line":19,"column":3}},"line":12},"2":{"name":"(anonymous_2)","decl":{"start":{"line":20,"column":2},"end":{"line":20,"column":3}},"loc":{"start":{"line":20,"column":24},"end":{"line":27,"column":3}},"line":20},"3":{"name":"(anonymous_3)","decl":{"start":{"line":28,"column":2},"end":{"line":28,"column":3}},"loc":{"start":{"line":28,"column":27},"end":{"line":35,"column":3}},"line":28}},"branchMap":{},"s":{"0":1,"1":1,"2":1,"3":1,"4":0,"5":0,"6":0,"7":0,"8":0,"9":0,"10":0,"11":0,"12":0,"13":0,"14":0,"15":0,"16":0,"17":0,"18":1},"f":{"0":1,"1":0,"2":0,"3":0},"b":{},"_coverageSchema":"1a1c01bbd47fc00a2c39e90264f33305004495a9","hash":"7a5089bae809333455b5840dbb0b9bcb778707a7"}
,"/Users/suhaibkhan/Downloads/Shop_Kart/src/repository/fake_store_repository.js": {"path":"/Users/suhaibkhan/Downloads/Shop_Kart/src/repository/fake_store_repository.js","statementMap":{"0":{"start":{"line":1,"column":14},"end":{"line":1,"column":30}},"1":{"start":{"line":4,"column":4},"end":{"line":11,"column":5}},"2":{"start":{"line":5,"column":23},"end":{"line":5,"column":75}},"3":{"start":{"line":7,"column":6},"end":{"line":7,"column":27}},"4":{"start":{"line":9,"column":6},"end":{"line":9,"column":23}},"5":{"start":{"line":14,"column":4},"end":{"line":22,"column":5}},"6":{"start":{"line":15,"column":23},"end":{"line":17,"column":7}},"7":{"start":{"line":18,"column":6},"end":{"line":18,"column":44}},"8":{"start":{"line":19,"column":6},"end":{"line":19,"column":27}},"9":{"start":{"line":21,"column":6},"end":{"line":21,"column":23}},"10":{"start":{"line":25,"column":4},"end":{"line":37,"column":5}},"11":{"start":{"line":26,"column":26},"end":{"line":26,"column":50}},"12":{"start":{"line":27,"column":17},"end":{"line":27,"column":39}},"13":{"start":{"line":28,"column":6},"end":{"line":28,"column":22}},"14":{"start":{"line":29,"column":25},"end":{"line":32,"column":9}},"15":{"start":{"line":33,"column":8},"end":{"line":33,"column":54}},"16":{"start":{"line":34,"column":8},"end":{"line":34,"column":28}},"17":{"start":{"line":36,"column":6},"end":{"line":36,"column":23}},"18":{"start":{"line":40,"column":4},"end":{"line":48,"column":5}},"19":{"start":{"line":41,"column":23},"end":{"line":43,"column":7}},"20":{"start":{"line":44,"column":6},"end":{"line":44,"column":52}},"21":{"start":{"line":45,"column":6},"end":{"line":45,"column":27}},"22":{"start":{"line":47,"column":6},"end":{"line":47,"column":23}},"23":{"start":{"line":51,"column":0},"end":{"line":51,"column":37}}},"fnMap":{"0":{"name":"(anonymous_0)","decl":{"start":{"line":3,"column":2},"end":{"line":3,"column":3}},"loc":{"start":{"line":3,"column":22},"end":{"line":12,"column":3}},"line":3},"1":{"name":"(anonymous_1)","decl":{"start":{"line":13,"column":2},"end":{"line":13,"column":3}},"loc":{"start":{"line":13,"column":23},"end":{"line":23,"column":3}},"line":13},"2":{"name":"(anonymous_2)","decl":{"start":{"line":24,"column":2},"end":{"line":24,"column":3}},"loc":{"start":{"line":24,"column":31},"end":{"line":38,"column":3}},"line":24},"3":{"name":"(anonymous_3)","decl":{"start":{"line":39,"column":2},"end":{"line":39,"column":3}},"loc":{"start":{"line":39,"column":26},"end":{"line":49,"column":3}},"line":39}},"branchMap":{},"s":{"0":1,"1":0,"2":0,"3":0,"4":0,"5":0,"6":0,"7":0,"8":0,"9":0,"10":0,"11":0,"12":0,"13":0,"14":0,"15":0,"16":0,"17":0,"18":0,"19":0,"20":0,"21":0,"22":0,"23":1},"f":{"0":0,"1":0,"2":0,"3":0},"b":{},"_coverageSchema":"1a1c01bbd47fc00a2c39e90264f33305004495a9","hash":"2eecdc7d03b75d352a736eb4b1fc7e0bf3b3a58e"}
,"/Users/suhaibkhan/Downloads/Shop_Kart/src/repository/index.js": {"path":"/Users/suhaibkhan/Downloads/Shop_Kart/src/repository/index.js","statementMap":{"0":{"start":{"line":1,"column":27},"end":{"line":1,"column":59}},"1":{"start":{"line":2,"column":26},"end":{"line":2,"column":57}},"2":{"start":{"line":3,"column":28},"end":{"line":3,"column":62}},"3":{"start":{"line":4,"column":23},"end":{"line":4,"column":51}},"4":{"start":{"line":5,"column":23},"end":{"line":5,"column":51}},"5":{"start":{"line":6,"column":24},"end":{"line":6,"column":53}},"6":{"start":{"line":7,"column":0},"end":{"line":14,"column":2}}},"fnMap":{},"branchMap":{},"s":{"0":1,"1":1,"2":1,"3":1,"4":1,"5":1,"6":1},"f":{},"b":{},"_coverageSchema":"1a1c01bbd47fc00a2c39e90264f33305004495a9","hash":"4d1d381be4cd5449367485282bfb81d75ed62507"}
,"/Users/suhaibkhan/Downloads/Shop_Kart/src/repository/order_repository.js": {"path":"/Users/suhaibkhan/Downloads/Shop_Kart/src/repository/order_repository.js","statementMap":{"0":{"start":{"line":1,"column":42},"end":{"line":1,"column":68}},"1":{"start":{"line":5,"column":4},"end":{"line":11,"column":5}},"2":{"start":{"line":6,"column":23},"end":{"line":6,"column":44}},"3":{"start":{"line":7,"column":6},"end":{"line":7,"column":22}},"4":{"start":{"line":9,"column":6},"end":{"line":9,"column":25}},"5":{"start":{"line":10,"column":6},"end":{"line":10,"column":18}},"6":{"start":{"line":15,"column":4},"end":{"line":21,"column":5}},"7":{"start":{"line":16,"column":23},"end":{"line":16,"column":47}},"8":{"start":{"line":17,"column":6},"end":{"line":17,"column":22}},"9":{"start":{"line":19,"column":6},"end":{"line":19,"column":25}},"10":{"start":{"line":20,"column":6},"end":{"line":20,"column":18}},"11":{"start":{"line":25,"column":4},"end":{"line":35,"column":5}},"12":{"start":{"line":26,"column":23},"end":{"line":29,"column":8}},"13":{"start":{"line":30,"column":6},"end":{"line":30,"column":22}},"14":{"start":{"line":32,"column":6},"end":{"line":32,"column":54}},"15":{"start":{"line":34,"column":6},"end":{"line":34,"column":18}},"16":{"start":{"line":39,"column":4},"end":{"line":46,"column":5}},"17":{"start":{"line":41,"column":23},"end":{"line":41,"column":68}},"18":{"start":{"line":42,"column":6},"end":{"line":42,"column":22}},"19":{"start":{"line":44,"column":6},"end":{"line":44,"column":25}},"20":{"start":{"line":45,"column":6},"end":{"line":45,"column":18}},"21":{"start":{"line":50,"column":4},"end":{"line":50,"column":37}},"22":{"start":{"line":51,"column":4},"end":{"line":71,"column":5}},"23":{"start":{"line":52,"column":23},"end":{"line":66,"column":8}},"24":{"start":{"line":67,"column":6},"end":{"line":67,"column":22}},"25":{"start":{"line":69,"column":6},"end":{"line":69,"column":54}},"26":{"start":{"line":70,"column":6},"end":{"line":70,"column":18}},"27":{"start":{"line":75,"column":0},"end":{"line":75,"column":33}}},"fnMap":{"0":{"name":"(anonymous_0)","decl":{"start":{"line":4,"column":2},"end":{"line":4,"column":3}},"loc":{"start":{"line":4,"column":20},"end":{"line":12,"column":3}},"line":4},"1":{"name":"(anonymous_1)","decl":{"start":{"line":14,"column":2},"end":{"line":14,"column":3}},"loc":{"start":{"line":14,"column":21},"end":{"line":22,"column":3}},"line":14},"2":{"name":"(anonymous_2)","decl":{"start":{"line":24,"column":2},"end":{"line":24,"column":3}},"loc":{"start":{"line":24,"column":36},"end":{"line":36,"column":3}},"line":24},"3":{"name":"(anonymous_3)","decl":{"start":{"line":38,"column":2},"end":{"line":38,"column":3}},"loc":{"start":{"line":38,"column":46},"end":{"line":47,"column":3}},"line":38},"4":{"name":"(anonymous_4)","decl":{"start":{"line":49,"column":2},"end":{"line":49,"column":3}},"loc":{"start":{"line":49,"column":35},"end":{"line":72,"column":3}},"line":49}},"branchMap":{},"s":{"0":1,"1":0,"2":0,"3":0,"4":0,"5":0,"6":0,"7":0,"8":0,"9":0,"10":0,"11":0,"12":0,"13":0,"14":0,"15":0,"16":0,"17":0,"18":0,"19":0,"20":0,"21":0,"22":0,"23":0,"24":0,"25":0,"26":0,"27":1},"f":{"0":0,"1":0,"2":0,"3":0,"4":0},"b":{},"_coverageSchema":"1a1c01bbd47fc00a2c39e90264f33305004495a9","hash":"bd7ed8bf0312c451fb4fcc16e05731519bbbf4cb"}
,"/Users/suhaibkhan/Downloads/Shop_Kart/src/repository/product_repository.js": {"path":"/Users/suhaibkhan/Downloads/Shop_Kart/src/repository/product_repository.js","statementMap":{"0":{"start":{"line":1,"column":20},"end":{"line":1,"column":40}},"1":{"start":{"line":2,"column":22},"end":{"line":2,"column":62}},"2":{"start":{"line":3,"column":15},"end":{"line":3,"column":35}},"3":{"start":{"line":7,"column":4},"end":{"line":12,"column":5}},"4":{"start":{"line":8,"column":6},"end":{"line":8,"column":43}},"5":{"start":{"line":10,"column":6},"end":{"line":10,"column":21}},"6":{"start":{"line":11,"column":6},"end":{"line":11,"column":14}},"7":{"start":{"line":18,"column":4},"end":{"line":39,"column":5}},"8":{"start":{"line":19,"column":6},"end":{"line":35,"column":7}},"9":{"start":{"line":20,"column":56},"end":{"line":20,"column":62}},"10":{"start":{"line":21,"column":22},"end":{"line":21,"column":24}},"11":{"start":{"line":22,"column":8},"end":{"line":24,"column":9}},"12":{"start":{"line":23,"column":10},"end":{"line":23,"column":72}},"13":{"start":{"line":25,"column":8},"end":{"line":27,"column":9}},"14":{"start":{"line":26,"column":10},"end":{"line":26,"column":72}},"15":{"start":{"line":28,"column":29},"end":{"line":28,"column":38}},"16":{"start":{"line":29,"column":8},"end":{"line":29,"column":68}},"17":{"start":{"line":29,"column":33},"end":{"line":29,"column":68}},"18":{"start":{"line":30,"column":8},"end":{"line":30,"column":71}},"19":{"start":{"line":30,"column":34},"end":{"line":30,"column":71}},"20":{"start":{"line":31,"column":8},"end":{"line":31,"column":51}},"21":{"start":{"line":32,"column":8},"end":{"line":32,"column":51}},"22":{"start":{"line":34,"column":8},"end":{"line":34,"column":39}},"23":{"start":{"line":37,"column":6},"end":{"line":37,"column":21}},"24":{"start":{"line":38,"column":6},"end":{"line":38,"column":14}},"25":{"start":{"line":44,"column":4},"end":{"line":49,"column":5}},"26":{"start":{"line":45,"column":6},"end":{"line":45,"column":40}},"27":{"start":{"line":47,"column":6},"end":{"line":47,"column":21}},"28":{"start":{"line":48,"column":6},"end":{"line":48,"column":14}},"29":{"start":{"line":54,"column":4},"end":{"line":62,"column":5}},"30":{"start":{"line":55,"column":18},"end":{"line":55,"column":58}},"31":{"start":{"line":56,"column":6},"end":{"line":58,"column":7}},"32":{"start":{"line":57,"column":8},"end":{"line":57,"column":53}},"33":{"start":{"line":60,"column":6},"end":{"line":60,"column":21}},"34":{"start":{"line":61,"column":6},"end":{"line":61,"column":14}},"35":{"start":{"line":65,"column":4},"end":{"line":70,"column":5}},"36":{"start":{"line":66,"column":6},"end":{"line":66,"column":74}},"37":{"start":{"line":68,"column":6},"end":{"line":68,"column":21}},"38":{"start":{"line":69,"column":6},"end":{"line":69,"column":14}},"39":{"start":{"line":73,"column":4},"end":{"line":80,"column":5}},"40":{"start":{"line":74,"column":6},"end":{"line":76,"column":9}},"41":{"start":{"line":78,"column":6},"end":{"line":78,"column":21}},"42":{"start":{"line":79,"column":6},"end":{"line":79,"column":14}},"43":{"start":{"line":84,"column":0},"end":{"line":84,"column":35}}},"fnMap":{"0":{"name":"(anonymous_0)","decl":{"start":{"line":6,"column":2},"end":{"line":6,"column":3}},"loc":{"start":{"line":6,"column":31},"end":{"line":13,"column":3}},"line":6},"1":{"name":"(anonymous_1)","decl":{"start":{"line":17,"column":2},"end":{"line":17,"column":3}},"loc":{"start":{"line":17,"column":28},"end":{"line":40,"column":3}},"line":17},"2":{"name":"(anonymous_2)","decl":{"start":{"line":43,"column":2},"end":{"line":43,"column":3}},"loc":{"start":{"line":43,"column":23},"end":{"line":50,"column":3}},"line":43},"3":{"name":"(anonymous_3)","decl":{"start":{"line":53,"column":2},"end":{"line":53,"column":3}},"loc":{"start":{"line":53,"column":26},"end":{"line":63,"column":3}},"line":53},"4":{"name":"(anonymous_4)","decl":{"start":{"line":64,"column":2},"end":{"line":64,"column":3}},"loc":{"start":{"line":64,"column":43},"end":{"line":71,"column":3}},"line":64},"5":{"name":"(anonymous_5)","decl":{"start":{"line":72,"column":2},"end":{"line":72,"column":3}},"loc":{"start":{"line":72,"column":36},"end":{"line":81,"column":3}},"line":72}},"branchMap":{"0":{"loc":{"start":{"line":19,"column":6},"end":{"line":35,"column":7}},"type":"if","locations":[{"start":{"line":19,"column":6},"end":{"line":35,"column":7}},{"start":{"line":33,"column":13},"end":{"line":35,"column":7}}],"line":19},"1":{"loc":{"start":{"line":22,"column":8},"end":{"line":24,"column":9}},"type":"if","locations":[{"start":{"line":22,"column":8},"end":{"line":24,"column":9}},{"start":{},"end":{}}],"line":22},"2":{"loc":{"start":{"line":25,"column":8},"end":{"line":27,"column":9}},"type":"if","locations":[{"start":{"line":25,"column":8},"end":{"line":27,"column":9}},{"start":{},"end":{}}],"line":25},"3":{"loc":{"start":{"line":29,"column":8},"end":{"line":29,"column":68}},"type":"if","locations":[{"start":{"line":29,"column":8},"end":{"line":29,"column":68}},{"start":{},"end":{}}],"line":29},"4":{"loc":{"start":{"line":30,"column":8},"end":{"line":30,"column":71}},"type":"if","locations":[{"start":{"line":30,"column":8},"end":{"line":30,"column":71}},{"start":{},"end":{}}],"line":30},"5":{"loc":{"start":{"line":56,"column":6},"end":{"line":58,"column":7}},"type":"if","locations":[{"start":{"line":56,"column":6},"end":{"line":58,"column":7}},{"start":{},"end":{}}],"line":56}},"s":{"0":1,"1":1,"2":1,"3":0,"4":0,"5":0,"6":0,"7":0,"8":0,"9":0,"10":0,"11":0,"12":0,"13":0,"14":0,"15":0,"16":0,"17":0,"18":0,"19":0,"20":0,"21":0,"22":0,"23":0,"24":0,"25":0,"26":0,"27":0,"28":0,"29":0,"30":0,"31":0,"32":0,"33":0,"34":0,"35":0,"36":0,"37":0,"38":0,"39":0,"40":0,"41":0,"42":0,"43":1},"f":{"0":0,"1":0,"2":0,"3":0,"4":0,"5":0},"b":{"0":[0,0],"1":[0,0],"2":[0,0],"3":[0,0],"4":[0,0],"5":[0,0]},"_coverageSchema":"1a1c01bbd47fc00a2c39e90264f33305004495a9","hash":"89ef508acbaca2150869d4a0080d625fa0eebeb4"}
,"/Users/suhaibkhan/Downloads/Shop_Kart/src/repository/user_repository.js": {"path":"/Users/suhaibkhan/Downloads/Shop_Kart/src/repository/user_repository.js","statementMap":{"0":{"start":{"line":1,"column":28},"end":{"line":1,"column":74}},"1":{"start":{"line":2,"column":22},"end":{"line":2,"column":62}},"2":{"start":{"line":3,"column":24},"end":{"line":3,"column":66}},"3":{"start":{"line":4,"column":26},"end":{"line":4,"column":69}},"4":{"start":{"line":5,"column":17},"end":{"line":5,"column":43}},"5":{"start":{"line":8,"column":4},"end":{"line":18,"column":5}},"6":{"start":{"line":9,"column":23},"end":{"line":13,"column":8}},"7":{"start":{"line":14,"column":6},"end":{"line":14,"column":22}},"8":{"start":{"line":16,"column":6},"end":{"line":16,"column":65}},"9":{"start":{"line":17,"column":6},"end":{"line":17,"column":16}},"10":{"start":{"line":21,"column":4},"end":{"line":29,"column":5}},"11":{"start":{"line":22,"column":6},"end":{"line":25,"column":9}},"12":{"start":{"line":27,"column":6},"end":{"line":27,"column":21}},"13":{"start":{"line":28,"column":6},"end":{"line":28,"column":14}},"14":{"start":{"line":32,"column":4},"end":{"line":37,"column":5}},"15":{"start":{"line":33,"column":6},"end":{"line":33,"column":34}},"16":{"start":{"line":35,"column":6},"end":{"line":35,"column":21}},"17":{"start":{"line":36,"column":6},"end":{"line":36,"column":14}},"18":{"start":{"line":40,"column":4},"end":{"line":49,"column":5}},"19":{"start":{"line":41,"column":19},"end":{"line":41,"column":46}},"20":{"start":{"line":42,"column":6},"end":{"line":44,"column":7}},"21":{"start":{"line":43,"column":8},"end":{"line":43,"column":54}},"22":{"start":{"line":45,"column":6},"end":{"line":45,"column":18}},"23":{"start":{"line":47,"column":6},"end":{"line":47,"column":21}},"24":{"start":{"line":48,"column":6},"end":{"line":48,"column":14}},"25":{"start":{"line":52,"column":4},"end":{"line":62,"column":5}},"26":{"start":{"line":53,"column":19},"end":{"line":53,"column":46}},"27":{"start":{"line":54,"column":6},"end":{"line":56,"column":7}},"28":{"start":{"line":55,"column":8},"end":{"line":55,"column":54}},"29":{"start":{"line":57,"column":6},"end":{"line":57,"column":27}},"30":{"start":{"line":58,"column":6},"end":{"line":58,"column":18}},"31":{"start":{"line":60,"column":6},"end":{"line":60,"column":21}},"32":{"start":{"line":61,"column":6},"end":{"line":61,"column":14}},"33":{"start":{"line":65,"column":0},"end":{"line":65,"column":32}}},"fnMap":{"0":{"name":"(anonymous_0)","decl":{"start":{"line":7,"column":2},"end":{"line":7,"column":3}},"loc":{"start":{"line":7,"column":30},"end":{"line":19,"column":3}},"line":7},"1":{"name":"(anonymous_1)","decl":{"start":{"line":20,"column":2},"end":{"line":20,"column":3}},"loc":{"start":{"line":20,"column":36},"end":{"line":30,"column":3}},"line":20},"2":{"name":"(anonymous_2)","decl":{"start":{"line":31,"column":2},"end":{"line":31,"column":3}},"loc":{"start":{"line":31,"column":19},"end":{"line":38,"column":3}},"line":31},"3":{"name":"(anonymous_3)","decl":{"start":{"line":39,"column":2},"end":{"line":39,"column":3}},"loc":{"start":{"line":39,"column":24},"end":{"line":50,"column":3}},"line":39},"4":{"name":"(anonymous_4)","decl":{"start":{"line":51,"column":2},"end":{"line":51,"column":3}},"loc":{"start":{"line":51,"column":28},"end":{"line":63,"column":3}},"line":51}},"branchMap":{"0":{"loc":{"start":{"line":42,"column":6},"end":{"line":44,"column":7}},"type":"if","locations":[{"start":{"line":42,"column":6},"end":{"line":44,"column":7}},{"start":{},"end":{}}],"line":42},"1":{"loc":{"start":{"line":54,"column":6},"end":{"line":56,"column":7}},"type":"if","locations":[{"start":{"line":54,"column":6},"end":{"line":56,"column":7}},{"start":{},"end":{}}],"line":54}},"s":{"0":1,"1":1,"2":1,"3":1,"4":1,"5":0,"6":0,"7":0,"8":0,"9":0,"10":0,"11":0,"12":0,"13":0,"14":0,"15":0,"16":0,"17":0,"18":0,"19":0,"20":0,"21":0,"22":0,"23":0,"24":0,"25":0,"26":0,"27":0,"28":0,"29":0,"30":0,"31":0,"32":0,"33":1},"f":{"0":0,"1":0,"2":0,"3":0,"4":0},"b":{"0":[0,0],"1":[0,0]},"_coverageSchema":"1a1c01bbd47fc00a2c39e90264f33305004495a9","hash":"7607d1951b5090ce607426cdc9dc2fbf121ee7c4"}
,"/Users/suhaibkhan/Downloads/Shop_Kart/src/services/dummy_service.js": {"path":"/Users/suhaibkhan/Downloads/Shop_Kart/src/services/dummy_service.js","statementMap":{"0":{"start":{"line":2,"column":2},"end":{"line":2,"column":15}},"1":{"start":{"line":5,"column":2},"end":{"line":5,"column":15}},"2":{"start":{"line":7,"column":0},"end":{"line":10,"column":2}}},"fnMap":{"0":{"name":"sum","decl":{"start":{"line":1,"column":9},"end":{"line":1,"column":12}},"loc":{"start":{"line":1,"column":19},"end":{"line":3,"column":1}},"line":1},"1":{"name":"multiply","decl":{"start":{"line":4,"column":9},"end":{"line":4,"column":17}},"loc":{"start":{"line":4,"column":24},"end":{"line":6,"column":1}},"line":4}},"branchMap":{},"s":{"0":2,"1":1,"2":1},"f":{"0":2,"1":1},"b":{},"_coverageSchema":"1a1c01bbd47fc00a2c39e90264f33305004495a9","hash":"cc2f182aa700528a0c81b62cdd03787d1bb0dde7"}
}
